SF:lib/core/api/api_exception.dart
DA:5,1
DA:9,1
DA:10,1
DA:14,2
DA:18,2
DA:22,2
DA:26,2
DA:30,2
DA:34,1
DA:35,1
LF:10
LH:10
end_of_record
SF:lib/core/api/api_helper.dart
DA:9,1
DA:11,1
DA:19,1
DA:20,2
DA:22,1
DA:23,2
DA:25,1
DA:26,2
DA:28,1
DA:29,2
DA:31,1
DA:32,2
DA:36,1
DA:37,1
DA:38,1
DA:39,1
DA:40,2
DA:44,1
DA:45,1
DA:46,1
DA:47,1
DA:48,1
DA:49,1
DA:50,1
DA:51,4
DA:52,1
DA:53,4
DA:54,1
DA:55,4
DA:56,1
DA:57,4
DA:58,1
DA:59,1
DA:60,3
DA:61,1
DA:62,4
DA:64,1
DA:65,2
LF:38
LH:38
end_of_record
SF:lib/features/movies/data/data_sources/movie_remote_data_source.dart
DA:13,0
DA:17,0
DA:20,0
DA:24,0
DA:26,0
DA:30,0
DA:33,0
DA:37,0
DA:39,0
DA:43,0
DA:45,0
DA:49,0
DA:52,0
DA:54,0
DA:56,0
DA:57,0
DA:58,0
DA:59,0
DA:61,0
LF:19
LH:0
end_of_record
SF:lib/features/movies/domain/entities/movie.dart
DA:10,6
DA:18,1
DA:19,6
LF:3
LH:3
end_of_record
SF:lib/features/movies/data/models/actor_model.dart
DA:4,2
DA:11,1
DA:12,1
DA:13,1
DA:14,1
DA:15,1
DA:16,1
DA:20,1
DA:21,1
DA:22,1
DA:23,1
DA:24,1
DA:25,1
LF:13
LH:13
end_of_record
SF:lib/features/movies/data/models/movie_model.dart
DA:4,3
DA:12,1
DA:13,1
DA:14,1
DA:15,1
DA:16,1
DA:17,2
DA:18,1
DA:22,1
DA:23,1
DA:24,1
DA:25,1
DA:26,1
DA:27,1
DA:28,1
LF:15
LH:15
end_of_record
SF:lib/features/movies/domain/entities/actor.dart
DA:9,4
DA:16,1
DA:17,5
LF:3
LH:3
end_of_record
SF:lib/core/errors/failures.dart
DA:4,4
DA:5,4
LF:2
LH:2
end_of_record
SF:lib/features/movies/data/repositories/movie_repository_impl.dart
DA:11,1
DA:15,1
DA:18,2
DA:19,1
DA:20,1
DA:21,2
DA:25,1
DA:28,2
DA:29,1
DA:30,1
DA:31,2
DA:35,1
DA:38,2
DA:39,1
DA:40,1
DA:41,2
LF:16
LH:16
end_of_record
SF:lib/features/movies/domain/use_cases/get_top_rated_list_usecase.dart
DA:10,1
DA:12,1
DA:14,2
LF:3
LH:3
end_of_record
SF:lib/features/movies/domain/use_cases/get_actor_list_use_case.dart
DA:10,1
DA:11,1
DA:13,3
DA:20,2
LF:4
LH:4
end_of_record
SF:lib/features/movies/domain/use_cases/get_new_playing_list_usecase.dart
DA:10,1
DA:12,1
DA:14,2
LF:3
LH:3
end_of_record
